<?xml version="1.0" encoding="UTF-8"?>
<testng-results skipped="0" failed="0" ignored="0" total="1" passed="1">
  <reporter-output>
  </reporter-output>
  <suite name="Default Suite" duration-ms="14130" started-at="2021-04-10T22:15:02 EET" finished-at="2021-04-10T22:15:17 EET">
    <groups>
    </groups>
    <test name="SeleniumProject" duration-ms="14130" started-at="2021-04-10T22:15:02 EET" finished-at="2021-04-10T22:15:17 EET">
      <class name="tests.GooglePageClassTest">
        <test-method status="PASS" signature="setupExtentReport()[pri:0, instance:tests.GooglePageClassTest@5025a98f]" name="setupExtentReport" is-config="true" duration-ms="422" started-at="2021-04-10T22:15:02 EET" finished-at="2021-04-10T22:15:02 EET">
          <reporter-output>
          </reporter-output>
        </test-method> <!-- setupExtentReport -->
        <test-method status="PASS" signature="setupTest()[pri:0, instance:tests.GooglePageClassTest@5025a98f]" name="setupTest" is-config="true" duration-ms="7821" started-at="2021-04-10T22:15:02 EET" finished-at="2021-04-10T22:15:10 EET">
          <reporter-output>
          </reporter-output>
        </test-method> <!-- setupTest -->
        <test-method status="PASS" signature="Test1()[pri:0, instance:tests.GooglePageClassTest@5025a98f]" name="Test1" duration-ms="1450" started-at="2021-04-10T22:15:10 EET" finished-at="2021-04-10T22:15:12 EET">
          <reporter-output>
          </reporter-output>
        </test-method> <!-- Test1 -->
        <test-method status="PASS" signature="tearDownTest()[pri:0, instance:tests.GooglePageClassTest@5025a98f]" name="tearDownTest" is-config="true" duration-ms="4808" started-at="2021-04-10T22:15:12 EET" finished-at="2021-04-10T22:15:17 EET">
          <reporter-output>
          </reporter-output>
        </test-method> <!-- tearDownTest -->
        <test-method status="PASS" signature="tearDownReport()[pri:0, instance:tests.GooglePageClassTest@5025a98f]" name="tearDownReport" is-config="true" duration-ms="367" started-at="2021-04-10T22:15:17 EET" finished-at="2021-04-10T22:15:17 EET">
          <reporter-output>
          </reporter-output>
        </test-method> <!-- tearDownReport -->
      </class> <!-- tests.GooglePageClassTest -->
    </test> <!-- SeleniumProject -->
  </suite> <!-- Default Suite -->
</testng-results>
